d:\yangpengbo\medical\src\pictureplot\debug\pictureplot.pch
d:\yangpengbo\medical\src\pictureplot\debug\vc141.pdb
d:\yangpengbo\medical\src\pictureplot\debug\stable.obj
d:\yangpengbo\medical\src\pictureplot\debug\pictureplot.obj
d:\yangpengbo\medical\src\pictureplot\debug\moc_pictureplot.obj
d:\yangpengbo\medical\src\pictureplot\debug\main.obj
d:\yangpengbo\medical\src\pictureplot\debug\qrc_pictureplot.obj
d:\yangpengbo\medical\sln\win32\debug\pictureplot.ilk
d:\yangpengbo\medical\sln\win32\debug\pictureplot.exe
d:\yangpengbo\medical\sln\win32\debug\pictureplot.pdb
d:\yangpengbo\medical\src\pictureplot\.\generatedfiles\debug\moc_pictureplot.cpp
d:\yangpengbo\medical\src\pictureplot\generatedfiles\ui_pictureplot.h
d:\yangpengbo\medical\src\pictureplot\generatedfiles\qrc_pictureplot.cpp
d:\yangpengbo\medical\src\pictureplot\generatedfiles\debug\moc_pictureplot.cpp
d:\yangpengbo\medical\src\pictureplot\.\generatedfiles\qrc_pictureplot.cpp
d:\yangpengbo\medical\src\pictureplot\.\generatedfiles\ui_pictureplot.h
d:\yangpengbo\medical\src\pictureplot\debug\pictureplot.tlog\cl.command.1.tlog
d:\yangpengbo\medical\src\pictureplot\debug\pictureplot.tlog\cl.read.1.tlog
d:\yangpengbo\medical\src\pictureplot\debug\pictureplot.tlog\cl.write.1.tlog
d:\yangpengbo\medical\src\pictureplot\debug\pictureplot.tlog\link.command.1.tlog
d:\yangpengbo\medical\src\pictureplot\debug\pictureplot.tlog\link.read.1.tlog
d:\yangpengbo\medical\src\pictureplot\debug\pictureplot.tlog\link.write.1.tlog
d:\yangpengbo\medical\src\pictureplot\debug\pictureplot.tlog\moc.read.1u.tlog
d:\yangpengbo\medical\src\pictureplot\debug\pictureplot.tlog\moc.write.1u.tlog
d:\yangpengbo\medical\src\pictureplot\debug\pictureplot.tlog\pictureplot.write.1u.tlog
d:\yangpengbo\medical\src\pictureplot\debug\pictureplot.tlog\rcc.read.1u.tlog
d:\yangpengbo\medical\src\pictureplot\debug\pictureplot.tlog\rcc.write.1u.tlog
d:\yangpengbo\medical\src\pictureplot\debug\pictureplot.tlog\uic.read.1u.tlog
d:\yangpengbo\medical\src\pictureplot\debug\pictureplot.tlog\uic.write.1u.tlog
