d:\3rdpartydemo\ffmpegdemo\src\xplay2\release\xplay2.pch
d:\3rdpartydemo\ffmpegdemo\src\xplay2\release\stable.h.obj
d:\3rdpartydemo\ffmpegdemo\src\xplay2\release\xdemuxthread.obj
d:\3rdpartydemo\ffmpegdemo\src\xplay2\release\xvideothread.obj
d:\3rdpartydemo\ffmpegdemo\src\xplay2\release\xaudiothread.obj
d:\3rdpartydemo\ffmpegdemo\src\xplay2\release\moc_xvideowidget.obj
d:\3rdpartydemo\ffmpegdemo\src\xplay2\release\xplay2.obj
d:\3rdpartydemo\ffmpegdemo\src\xplay2\release\xdecodethread.obj
d:\3rdpartydemo\ffmpegdemo\src\xplay2\release\xdecode.obj
d:\3rdpartydemo\ffmpegdemo\src\xplay2\release\moc_xplay2.obj
d:\3rdpartydemo\ffmpegdemo\src\xplay2\release\cxaudioplay.obj
d:\3rdpartydemo\ffmpegdemo\src\xplay2\release\workercontroller.obj
d:\3rdpartydemo\ffmpegdemo\src\xplay2\release\moc_xdemuxthread.obj
d:\3rdpartydemo\ffmpegdemo\src\xplay2\release\moc_xaudiothread.obj
d:\3rdpartydemo\ffmpegdemo\src\xplay2\release\xresample.obj
d:\3rdpartydemo\ffmpegdemo\src\xplay2\release\xvideowidget.obj
d:\3rdpartydemo\ffmpegdemo\src\xplay2\release\xaudioplay.obj
d:\3rdpartydemo\ffmpegdemo\src\xplay2\release\xdemux.obj
d:\3rdpartydemo\ffmpegdemo\src\xplay2\release\moc_workercontroller.obj
d:\3rdpartydemo\ffmpegdemo\src\xplay2\release\moc_xdecodethread.obj
d:\3rdpartydemo\ffmpegdemo\src\xplay2\release\moc_xvideothread.obj
d:\3rdpartydemo\ffmpegdemo\src\xplay2\release\main.obj
d:\3rdpartydemo\ffmpegdemo\src\xplay2\release\qrc_xplay2.obj
d:\3rdpartydemo\ffmpegdemo\src\xplay2\stable.h.cpp
d:\3rdpartydemo\ffmpegdemo\bin\xplay2.exe
d:\3rdpartydemo\ffmpegdemo\src\xplay2\generatedfiles\moc_xplay2.cpp
d:\3rdpartydemo\ffmpegdemo\src\xplay2\.\generatedfiles\moc_xdecodethread.cpp
d:\3rdpartydemo\ffmpegdemo\src\xplay2\generatedfiles\moc_workercontroller.cpp
d:\3rdpartydemo\ffmpegdemo\src\xplay2\generatedfiles\moc_xvideowidget.cpp
d:\3rdpartydemo\ffmpegdemo\src\xplay2\.\generatedfiles\moc_xdemuxthread.cpp
d:\3rdpartydemo\ffmpegdemo\src\xplay2\.\generatedfiles\moc_xvideothread.cpp
d:\3rdpartydemo\ffmpegdemo\src\xplay2\generatedfiles\moc_xaudiothread.cpp
d:\3rdpartydemo\ffmpegdemo\src\xplay2\generatedfiles\qrc_xplay2.cpp
d:\3rdpartydemo\ffmpegdemo\src\xplay2\generatedfiles\ui_xplay2.h
d:\3rdpartydemo\ffmpegdemo\src\xplay2\generatedfiles\moc_xdecodethread.cpp
d:\3rdpartydemo\ffmpegdemo\src\xplay2\generatedfiles\moc_xdemuxthread.cpp
d:\3rdpartydemo\ffmpegdemo\src\xplay2\generatedfiles\moc_xvideothread.cpp
d:\3rdpartydemo\ffmpegdemo\src\xplay2\..\..\bin\xplay2.exe
d:\3rdpartydemo\ffmpegdemo\src\xplay2\release\xplay2.tlog\cl.command.1.tlog
d:\3rdpartydemo\ffmpegdemo\src\xplay2\release\xplay2.tlog\cl.read.1.tlog
d:\3rdpartydemo\ffmpegdemo\src\xplay2\release\xplay2.tlog\cl.write.1.tlog
d:\3rdpartydemo\ffmpegdemo\src\xplay2\release\xplay2.tlog\custombuild.command.1.tlog
d:\3rdpartydemo\ffmpegdemo\src\xplay2\release\xplay2.tlog\custombuild.read.1.tlog
d:\3rdpartydemo\ffmpegdemo\src\xplay2\release\xplay2.tlog\custombuild.write.1.tlog
d:\3rdpartydemo\ffmpegdemo\src\xplay2\release\xplay2.tlog\link.command.1.tlog
d:\3rdpartydemo\ffmpegdemo\src\xplay2\release\xplay2.tlog\link.read.1.tlog
d:\3rdpartydemo\ffmpegdemo\src\xplay2\release\xplay2.tlog\link.write.1.tlog
d:\3rdpartydemo\ffmpegdemo\src\xplay2\release\xplay2.tlog\moc.read.1u.tlog
d:\3rdpartydemo\ffmpegdemo\src\xplay2\release\xplay2.tlog\moc.write.1u.tlog
d:\3rdpartydemo\ffmpegdemo\src\xplay2\release\xplay2.tlog\rcc.read.1u.tlog
d:\3rdpartydemo\ffmpegdemo\src\xplay2\release\xplay2.tlog\rcc.write.1u.tlog
d:\3rdpartydemo\ffmpegdemo\src\xplay2\release\xplay2.tlog\uic.read.1u.tlog
d:\3rdpartydemo\ffmpegdemo\src\xplay2\release\xplay2.tlog\uic.write.1u.tlog
d:\3rdpartydemo\ffmpegdemo\src\xplay2\release\xplay2.tlog\xplay2.write.1u.tlog
